{"__type":"$$EventMessageWorkflow","id":"24faf702-b078-4080-9ff6-82bfa7ac6cfe","ts":"2025-12-20T18:53:12.061+00:00","eventName":"n8n.workflow.started","message":"n8n.workflow.started","payload":{"executionId":"1549","workflowId":"SMAl1p1EQNLw6TnR","isManual":false,"workflowName":"Launcher State Refresh (Registered Only)"}}
{"__type":"$$EventMessageConfirm","confirm":"24faf702-b078-4080-9ff6-82bfa7ac6cfe","ts":"2025-12-20T18:53:12.061+00:00","source":{"id":"0","name":"eventBus"}}
{"__type":"$$EventMessageNode","id":"443b6516-4923-4ae3-98f6-d7bb00d9a544","ts":"2025-12-20T18:53:12.062+00:00","eventName":"n8n.node.started","message":"n8n.node.started","payload":{"workflowId":"SMAl1p1EQNLw6TnR","workflowName":"Launcher State Refresh (Registered Only)","executionId":"1549","nodeType":"n8n-nodes-base.scheduleTrigger","nodeName":"Schedule Trigger","nodeId":"d8f85f28-6c59-442e-b767-743144e1cfec"}}
{"__type":"$$EventMessageConfirm","confirm":"443b6516-4923-4ae3-98f6-d7bb00d9a544","ts":"2025-12-20T18:53:12.062+00:00","source":{"id":"0","name":"eventBus"}}
{"__type":"$$EventMessageNode","id":"76fbbfd2-9f37-46e3-a715-efb4d45cf7f0","ts":"2025-12-20T18:53:12.063+00:00","eventName":"n8n.node.finished","message":"n8n.node.finished","payload":{"workflowId":"SMAl1p1EQNLw6TnR","workflowName":"Launcher State Refresh (Registered Only)","executionId":"1549","nodeType":"n8n-nodes-base.scheduleTrigger","nodeName":"Schedule Trigger","nodeId":"d8f85f28-6c59-442e-b767-743144e1cfec"}}
{"__type":"$$EventMessageConfirm","confirm":"76fbbfd2-9f37-46e3-a715-efb4d45cf7f0","ts":"2025-12-20T18:53:12.063+00:00","source":{"id":"0","name":"eventBus"}}
{"__type":"$$EventMessageNode","id":"b1d703e2-6e23-4de2-b7d2-22017af06119","ts":"2025-12-20T18:53:12.063+00:00","eventName":"n8n.node.started","message":"n8n.node.started","payload":{"workflowId":"SMAl1p1EQNLw6TnR","workflowName":"Launcher State Refresh (Registered Only)","executionId":"1549","nodeType":"n8n-nodes-base.httpRequest","nodeName":"Fetch LE Launchers","nodeId":"cb882824-307d-4056-b1cd-7c8beaa14c74"}}
{"__type":"$$EventMessageConfirm","confirm":"b1d703e2-6e23-4de2-b7d2-22017af06119","ts":"2025-12-20T18:53:12.063+00:00","source":{"id":"0","name":"eventBus"}}
{"__type":"$$EventMessageNode","id":"d9a2101d-5d3e-441f-8e2f-783d0227317b","ts":"2025-12-20T13:53:12.138-05:00","eventName":"n8n.node.finished","message":"n8n.node.finished","payload":{"workflowId":"SMAl1p1EQNLw6TnR","workflowName":"Launcher State Refresh (Registered Only)","executionId":"1549","nodeType":"n8n-nodes-base.httpRequest","nodeName":"Fetch LE Launchers","nodeId":"cb882824-307d-4056-b1cd-7c8beaa14c74"}}
{"__type":"$$EventMessageConfirm","confirm":"d9a2101d-5d3e-441f-8e2f-783d0227317b","ts":"2025-12-20T13:53:12.139-05:00","source":{"id":"0","name":"eventBus"}}
{"__type":"$$EventMessageNode","id":"91fe8060-cfed-44fd-8d50-7662891af97c","ts":"2025-12-20T13:53:12.139-05:00","eventName":"n8n.node.started","message":"n8n.node.started","payload":{"workflowId":"SMAl1p1EQNLw6TnR","workflowName":"Launcher State Refresh (Registered Only)","executionId":"1549","nodeType":"n8n-nodes-base.postgres","nodeName":"Get Registered Launchers","nodeId":"470acadc-89d0-4d85-8eb7-771bf29c41ce"}}
{"__type":"$$EventMessageConfirm","confirm":"91fe8060-cfed-44fd-8d50-7662891af97c","ts":"2025-12-20T13:53:12.139-05:00","source":{"id":"0","name":"eventBus"}}
{"__type":"$$EventMessageNode","id":"6cd05659-aa77-4a41-b151-6c4ed07a3d2d","ts":"2025-12-20T13:53:12.193-05:00","eventName":"n8n.node.finished","message":"n8n.node.finished","payload":{"workflowId":"SMAl1p1EQNLw6TnR","workflowName":"Launcher State Refresh (Registered Only)","executionId":"1549","nodeType":"n8n-nodes-base.postgres","nodeName":"Get Registered Launchers","nodeId":"470acadc-89d0-4d85-8eb7-771bf29c41ce"}}
{"__type":"$$EventMessageConfirm","confirm":"6cd05659-aa77-4a41-b151-6c4ed07a3d2d","ts":"2025-12-20T13:53:12.194-05:00","source":{"id":"0","name":"eventBus"}}
{"__type":"$$EventMessageNode","id":"0d94b565-e2a9-4dbc-9084-8e1f2cb20bcd","ts":"2025-12-20T13:53:12.194-05:00","eventName":"n8n.node.started","message":"n8n.node.started","payload":{"workflowId":"SMAl1p1EQNLw6TnR","workflowName":"Launcher State Refresh (Registered Only)","executionId":"1549","nodeType":"n8n-nodes-base.code","nodeName":"Filter Registered + Normalize","nodeId":"a722bc1d-3ac0-43e6-b0d3-9c4276bcaf49"}}
{"__type":"$$EventMessageConfirm","confirm":"0d94b565-e2a9-4dbc-9084-8e1f2cb20bcd","ts":"2025-12-20T13:53:12.194-05:00","source":{"id":"0","name":"eventBus"}}
{"__type":"$$EventMessageRunner","id":"4e58b9ab-d351-435f-9427-caa300ab458e","ts":"2025-12-20T13:53:12.197-05:00","eventName":"n8n.runner.task.requested","message":"n8n.runner.task.requested","payload":{"taskId":"ZtzaRr6s","nodeId":"a722bc1d-3ac0-43e6-b0d3-9c4276bcaf49","workflowId":"SMAl1p1EQNLw6TnR","executionId":"1549"}}
{"__type":"$$EventMessageConfirm","confirm":"4e58b9ab-d351-435f-9427-caa300ab458e","ts":"2025-12-20T13:53:12.197-05:00","source":{"id":"0","name":"eventBus"}}
{"__type":"$$EventMessageRunner","id":"3ae61b88-b994-4b93-b208-9151088bbaca","ts":"2025-12-20T13:53:12.244-05:00","eventName":"n8n.runner.response.received","message":"n8n.runner.response.received","payload":{"taskId":"ZtzaRr6s","nodeId":"a722bc1d-3ac0-43e6-b0d3-9c4276bcaf49","workflowId":"SMAl1p1EQNLw6TnR","executionId":"1549"}}
{"__type":"$$EventMessageConfirm","confirm":"3ae61b88-b994-4b93-b208-9151088bbaca","ts":"2025-12-20T13:53:12.244-05:00","source":{"id":"0","name":"eventBus"}}
{"__type":"$$EventMessageNode","id":"f568f739-e345-415a-86d7-6de862350fff","ts":"2025-12-20T13:53:12.245-05:00","eventName":"n8n.node.finished","message":"n8n.node.finished","payload":{"workflowId":"SMAl1p1EQNLw6TnR","workflowName":"Launcher State Refresh (Registered Only)","executionId":"1549","nodeType":"n8n-nodes-base.code","nodeName":"Filter Registered + Normalize","nodeId":"a722bc1d-3ac0-43e6-b0d3-9c4276bcaf49"}}
{"__type":"$$EventMessageConfirm","confirm":"f568f739-e345-415a-86d7-6de862350fff","ts":"2025-12-20T13:53:12.245-05:00","source":{"id":"0","name":"eventBus"}}
{"__type":"$$EventMessageWorkflow","id":"a8132722-6353-401b-9e6b-33af756fc034","ts":"2025-12-20T13:53:12.246-05:00","eventName":"n8n.workflow.success","message":"n8n.workflow.success","payload":{"executionId":"1549","success":true,"isManual":false,"workflowId":"SMAl1p1EQNLw6TnR","workflowName":"Launcher State Refresh (Registered Only)"}}
{"__type":"$$EventMessageConfirm","confirm":"a8132722-6353-401b-9e6b-33af756fc034","ts":"2025-12-20T13:53:12.246-05:00","source":{"id":"0","name":"eventBus"}}
{"__type":"$$EventMessageAudit","id":"520fd8bd-9d1c-4730-a0c6-e25c217d100f","ts":"2025-12-20T13:53:34.214-05:00","eventName":"n8n.audit.user.login.success","message":"n8n.audit.user.login.success","payload":{"userId":"c6347e3b-8b3a-4e89-96bb-1e5b5979ddf6","_email":"admin@local.com","_firstName":"Local","_lastName":"Admin","globalRole":"global:owner","authenticationMethod":"email"}}
{"__type":"$$EventMessageConfirm","confirm":"520fd8bd-9d1c-4730-a0c6-e25c217d100f","ts":"2025-12-20T13:53:34.215-05:00","source":{"id":"0","name":"eventBus"}}
{"__type":"$$EventMessageWorkflow","id":"3680b6b1-c598-4c1f-ae60-072b57c3690d","ts":"2025-12-20T13:54:12.021-05:00","eventName":"n8n.workflow.started","message":"n8n.workflow.started","payload":{"executionId":"1550","workflowId":"SMAl1p1EQNLw6TnR","isManual":false,"workflowName":"Launcher State Refresh (Registered Only)"}}
{"__type":"$$EventMessageConfirm","confirm":"3680b6b1-c598-4c1f-ae60-072b57c3690d","ts":"2025-12-20T13:54:12.021-05:00","source":{"id":"0","name":"eventBus"}}
{"__type":"$$EventMessageNode","id":"de342496-f287-410c-a5fd-ffea73217623","ts":"2025-12-20T13:54:12.022-05:00","eventName":"n8n.node.started","message":"n8n.node.started","payload":{"workflowId":"SMAl1p1EQNLw6TnR","workflowName":"Launcher State Refresh (Registered Only)","executionId":"1550","nodeType":"n8n-nodes-base.scheduleTrigger","nodeName":"Schedule Trigger","nodeId":"d8f85f28-6c59-442e-b767-743144e1cfec"}}
{"__type":"$$EventMessageConfirm","confirm":"de342496-f287-410c-a5fd-ffea73217623","ts":"2025-12-20T13:54:12.022-05:00","source":{"id":"0","name":"eventBus"}}
{"__type":"$$EventMessageNode","id":"c699d45d-d436-4297-8dfd-fbd9dadca826","ts":"2025-12-20T13:54:12.022-05:00","eventName":"n8n.node.finished","message":"n8n.node.finished","payload":{"workflowId":"SMAl1p1EQNLw6TnR","workflowName":"Launcher State Refresh (Registered Only)","executionId":"1550","nodeType":"n8n-nodes-base.scheduleTrigger","nodeName":"Schedule Trigger","nodeId":"d8f85f28-6c59-442e-b767-743144e1cfec"}}
{"__type":"$$EventMessageConfirm","confirm":"c699d45d-d436-4297-8dfd-fbd9dadca826","ts":"2025-12-20T13:54:12.023-05:00","source":{"id":"0","name":"eventBus"}}
{"__type":"$$EventMessageNode","id":"db99a47a-f55c-481b-9cca-3e6c7501932c","ts":"2025-12-20T13:54:12.023-05:00","eventName":"n8n.node.started","message":"n8n.node.started","payload":{"workflowId":"SMAl1p1EQNLw6TnR","workflowName":"Launcher State Refresh (Registered Only)","executionId":"1550","nodeType":"n8n-nodes-base.httpRequest","nodeName":"Fetch LE Launchers","nodeId":"cb882824-307d-4056-b1cd-7c8beaa14c74"}}
{"__type":"$$EventMessageConfirm","confirm":"db99a47a-f55c-481b-9cca-3e6c7501932c","ts":"2025-12-20T13:54:12.023-05:00","source":{"id":"0","name":"eventBus"}}
{"__type":"$$EventMessageNode","id":"b8a7f8a4-750f-44ed-acd4-0b4d60cda570","ts":"2025-12-20T13:54:12.053-05:00","eventName":"n8n.node.finished","message":"n8n.node.finished","payload":{"workflowId":"SMAl1p1EQNLw6TnR","workflowName":"Launcher State Refresh (Registered Only)","executionId":"1550","nodeType":"n8n-nodes-base.httpRequest","nodeName":"Fetch LE Launchers","nodeId":"cb882824-307d-4056-b1cd-7c8beaa14c74"}}
{"__type":"$$EventMessageConfirm","confirm":"b8a7f8a4-750f-44ed-acd4-0b4d60cda570","ts":"2025-12-20T13:54:12.053-05:00","source":{"id":"0","name":"eventBus"}}
{"__type":"$$EventMessageNode","id":"cb52ce2e-c0b0-4ef3-a5db-ea3a37dedad2","ts":"2025-12-20T13:54:12.053-05:00","eventName":"n8n.node.started","message":"n8n.node.started","payload":{"workflowId":"SMAl1p1EQNLw6TnR","workflowName":"Launcher State Refresh (Registered Only)","executionId":"1550","nodeType":"n8n-nodes-base.postgres","nodeName":"Get Registered Launchers","nodeId":"470acadc-89d0-4d85-8eb7-771bf29c41ce"}}
{"__type":"$$EventMessageConfirm","confirm":"cb52ce2e-c0b0-4ef3-a5db-ea3a37dedad2","ts":"2025-12-20T13:54:12.053-05:00","source":{"id":"0","name":"eventBus"}}
{"__type":"$$EventMessageNode","id":"7e02b169-dda5-4760-85ab-f34244da676e","ts":"2025-12-20T13:54:12.067-05:00","eventName":"n8n.node.finished","message":"n8n.node.finished","payload":{"workflowId":"SMAl1p1EQNLw6TnR","workflowName":"Launcher State Refresh (Registered Only)","executionId":"1550","nodeType":"n8n-nodes-base.postgres","nodeName":"Get Registered Launchers","nodeId":"470acadc-89d0-4d85-8eb7-771bf29c41ce"}}
{"__type":"$$EventMessageConfirm","confirm":"7e02b169-dda5-4760-85ab-f34244da676e","ts":"2025-12-20T13:54:12.067-05:00","source":{"id":"0","name":"eventBus"}}
{"__type":"$$EventMessageNode","id":"d35b9eed-3fc3-47d7-8d5b-671e11eef3db","ts":"2025-12-20T13:54:12.067-05:00","eventName":"n8n.node.started","message":"n8n.node.started","payload":{"workflowId":"SMAl1p1EQNLw6TnR","workflowName":"Launcher State Refresh (Registered Only)","executionId":"1550","nodeType":"n8n-nodes-base.code","nodeName":"Filter Registered + Normalize","nodeId":"a722bc1d-3ac0-43e6-b0d3-9c4276bcaf49"}}
{"__type":"$$EventMessageConfirm","confirm":"d35b9eed-3fc3-47d7-8d5b-671e11eef3db","ts":"2025-12-20T13:54:12.067-05:00","source":{"id":"0","name":"eventBus"}}
{"__type":"$$EventMessageRunner","id":"24806fec-f251-4fda-80fd-8f6cf3436e29","ts":"2025-12-20T13:54:12.069-05:00","eventName":"n8n.runner.task.requested","message":"n8n.runner.task.requested","payload":{"taskId":"1zEZtYfD","nodeId":"a722bc1d-3ac0-43e6-b0d3-9c4276bcaf49","workflowId":"SMAl1p1EQNLw6TnR","executionId":"1550"}}
{"__type":"$$EventMessageConfirm","confirm":"24806fec-f251-4fda-80fd-8f6cf3436e29","ts":"2025-12-20T13:54:12.069-05:00","source":{"id":"0","name":"eventBus"}}
{"__type":"$$EventMessageRunner","id":"c6012714-783a-4008-af71-d15e94a99352","ts":"2025-12-20T13:54:12.075-05:00","eventName":"n8n.runner.response.received","message":"n8n.runner.response.received","payload":{"taskId":"1zEZtYfD","nodeId":"a722bc1d-3ac0-43e6-b0d3-9c4276bcaf49","workflowId":"SMAl1p1EQNLw6TnR","executionId":"1550"}}
{"__type":"$$EventMessageConfirm","confirm":"c6012714-783a-4008-af71-d15e94a99352","ts":"2025-12-20T13:54:12.075-05:00","source":{"id":"0","name":"eventBus"}}
{"__type":"$$EventMessageNode","id":"b0960e54-8437-4faf-9dfc-3412fe3a3460","ts":"2025-12-20T13:54:12.075-05:00","eventName":"n8n.node.finished","message":"n8n.node.finished","payload":{"workflowId":"SMAl1p1EQNLw6TnR","workflowName":"Launcher State Refresh (Registered Only)","executionId":"1550","nodeType":"n8n-nodes-base.code","nodeName":"Filter Registered + Normalize","nodeId":"a722bc1d-3ac0-43e6-b0d3-9c4276bcaf49"}}
{"__type":"$$EventMessageConfirm","confirm":"b0960e54-8437-4faf-9dfc-3412fe3a3460","ts":"2025-12-20T13:54:12.075-05:00","source":{"id":"0","name":"eventBus"}}
{"__type":"$$EventMessageWorkflow","id":"2715948f-98c1-484a-acca-7185f3858a5f","ts":"2025-12-20T13:54:12.076-05:00","eventName":"n8n.workflow.success","message":"n8n.workflow.success","payload":{"executionId":"1550","success":true,"isManual":false,"workflowId":"SMAl1p1EQNLw6TnR","workflowName":"Launcher State Refresh (Registered Only)"}}
{"__type":"$$EventMessageConfirm","confirm":"2715948f-98c1-484a-acca-7185f3858a5f","ts":"2025-12-20T13:54:12.076-05:00","source":{"id":"0","name":"eventBus"}}
{"__type":"$$EventMessageWorkflow","id":"2600428d-2a7b-4f0a-a5e1-29caeb818a2c","ts":"2025-12-20T13:55:12.020-05:00","eventName":"n8n.workflow.started","message":"n8n.workflow.started","payload":{"executionId":"1551","workflowId":"SMAl1p1EQNLw6TnR","isManual":false,"workflowName":"Launcher State Refresh (Registered Only)"}}
{"__type":"$$EventMessageConfirm","confirm":"2600428d-2a7b-4f0a-a5e1-29caeb818a2c","ts":"2025-12-20T13:55:12.020-05:00","source":{"id":"0","name":"eventBus"}}
{"__type":"$$EventMessageNode","id":"b74d2fab-f06d-409f-8342-19338d44aa1b","ts":"2025-12-20T13:55:12.020-05:00","eventName":"n8n.node.started","message":"n8n.node.started","payload":{"workflowId":"SMAl1p1EQNLw6TnR","workflowName":"Launcher State Refresh (Registered Only)","executionId":"1551","nodeType":"n8n-nodes-base.scheduleTrigger","nodeName":"Schedule Trigger","nodeId":"d8f85f28-6c59-442e-b767-743144e1cfec"}}
{"__type":"$$EventMessageConfirm","confirm":"b74d2fab-f06d-409f-8342-19338d44aa1b","ts":"2025-12-20T13:55:12.021-05:00","source":{"id":"0","name":"eventBus"}}
{"__type":"$$EventMessageNode","id":"4688fe4a-7e5f-480d-9e58-2546cedee682","ts":"2025-12-20T13:55:12.021-05:00","eventName":"n8n.node.finished","message":"n8n.node.finished","payload":{"workflowId":"SMAl1p1EQNLw6TnR","workflowName":"Launcher State Refresh (Registered Only)","executionId":"1551","nodeType":"n8n-nodes-base.scheduleTrigger","nodeName":"Schedule Trigger","nodeId":"d8f85f28-6c59-442e-b767-743144e1cfec"}}
{"__type":"$$EventMessageConfirm","confirm":"4688fe4a-7e5f-480d-9e58-2546cedee682","ts":"2025-12-20T13:55:12.021-05:00","source":{"id":"0","name":"eventBus"}}
{"__type":"$$EventMessageNode","id":"7604734f-fec1-4ace-a77a-95819bdf6501","ts":"2025-12-20T13:55:12.021-05:00","eventName":"n8n.node.started","message":"n8n.node.started","payload":{"workflowId":"SMAl1p1EQNLw6TnR","workflowName":"Launcher State Refresh (Registered Only)","executionId":"1551","nodeType":"n8n-nodes-base.httpRequest","nodeName":"Fetch LE Launchers","nodeId":"cb882824-307d-4056-b1cd-7c8beaa14c74"}}
{"__type":"$$EventMessageConfirm","confirm":"7604734f-fec1-4ace-a77a-95819bdf6501","ts":"2025-12-20T13:55:12.021-05:00","source":{"id":"0","name":"eventBus"}}
{"__type":"$$EventMessageNode","id":"35f1761e-ce3c-46cc-a9af-608cc6f94cbc","ts":"2025-12-20T13:55:12.056-05:00","eventName":"n8n.node.finished","message":"n8n.node.finished","payload":{"workflowId":"SMAl1p1EQNLw6TnR","workflowName":"Launcher State Refresh (Registered Only)","executionId":"1551","nodeType":"n8n-nodes-base.httpRequest","nodeName":"Fetch LE Launchers","nodeId":"cb882824-307d-4056-b1cd-7c8beaa14c74"}}
{"__type":"$$EventMessageConfirm","confirm":"35f1761e-ce3c-46cc-a9af-608cc6f94cbc","ts":"2025-12-20T13:55:12.056-05:00","source":{"id":"0","name":"eventBus"}}
{"__type":"$$EventMessageNode","id":"860c0f1a-a37a-4889-a4fb-c56108031b6e","ts":"2025-12-20T13:55:12.056-05:00","eventName":"n8n.node.started","message":"n8n.node.started","payload":{"workflowId":"SMAl1p1EQNLw6TnR","workflowName":"Launcher State Refresh (Registered Only)","executionId":"1551","nodeType":"n8n-nodes-base.postgres","nodeName":"Get Registered Launchers","nodeId":"470acadc-89d0-4d85-8eb7-771bf29c41ce"}}
{"__type":"$$EventMessageConfirm","confirm":"860c0f1a-a37a-4889-a4fb-c56108031b6e","ts":"2025-12-20T13:55:12.056-05:00","source":{"id":"0","name":"eventBus"}}
{"__type":"$$EventMessageNode","id":"06feba1e-68d6-4cbf-a2cd-da7fa383e360","ts":"2025-12-20T13:55:12.087-05:00","eventName":"n8n.node.finished","message":"n8n.node.finished","payload":{"workflowId":"SMAl1p1EQNLw6TnR","workflowName":"Launcher State Refresh (Registered Only)","executionId":"1551","nodeType":"n8n-nodes-base.postgres","nodeName":"Get Registered Launchers","nodeId":"470acadc-89d0-4d85-8eb7-771bf29c41ce"}}
{"__type":"$$EventMessageConfirm","confirm":"06feba1e-68d6-4cbf-a2cd-da7fa383e360","ts":"2025-12-20T13:55:12.088-05:00","source":{"id":"0","name":"eventBus"}}
{"__type":"$$EventMessageNode","id":"89d75ab7-3d90-4ace-beb8-6669b2b5b6f6","ts":"2025-12-20T13:55:12.088-05:00","eventName":"n8n.node.started","message":"n8n.node.started","payload":{"workflowId":"SMAl1p1EQNLw6TnR","workflowName":"Launcher State Refresh (Registered Only)","executionId":"1551","nodeType":"n8n-nodes-base.code","nodeName":"Filter Registered + Normalize","nodeId":"a722bc1d-3ac0-43e6-b0d3-9c4276bcaf49"}}
{"__type":"$$EventMessageConfirm","confirm":"89d75ab7-3d90-4ace-beb8-6669b2b5b6f6","ts":"2025-12-20T13:55:12.088-05:00","source":{"id":"0","name":"eventBus"}}
{"__type":"$$EventMessageRunner","id":"ed401d3e-9e71-43f5-a7df-931e61978a34","ts":"2025-12-20T13:55:12.090-05:00","eventName":"n8n.runner.task.requested","message":"n8n.runner.task.requested","payload":{"taskId":"i0qW8DZ3","nodeId":"a722bc1d-3ac0-43e6-b0d3-9c4276bcaf49","workflowId":"SMAl1p1EQNLw6TnR","executionId":"1551"}}
{"__type":"$$EventMessageConfirm","confirm":"ed401d3e-9e71-43f5-a7df-931e61978a34","ts":"2025-12-20T13:55:12.090-05:00","source":{"id":"0","name":"eventBus"}}
{"__type":"$$EventMessageRunner","id":"ad07e491-4b56-43a5-a4c3-f60d01bbf3ca","ts":"2025-12-20T13:55:12.095-05:00","eventName":"n8n.runner.response.received","message":"n8n.runner.response.received","payload":{"taskId":"i0qW8DZ3","nodeId":"a722bc1d-3ac0-43e6-b0d3-9c4276bcaf49","workflowId":"SMAl1p1EQNLw6TnR","executionId":"1551"}}
{"__type":"$$EventMessageConfirm","confirm":"ad07e491-4b56-43a5-a4c3-f60d01bbf3ca","ts":"2025-12-20T13:55:12.095-05:00","source":{"id":"0","name":"eventBus"}}
{"__type":"$$EventMessageNode","id":"6c2a69ff-b99b-457f-82cc-cde6cb86b3c2","ts":"2025-12-20T13:55:12.095-05:00","eventName":"n8n.node.finished","message":"n8n.node.finished","payload":{"workflowId":"SMAl1p1EQNLw6TnR","workflowName":"Launcher State Refresh (Registered Only)","executionId":"1551","nodeType":"n8n-nodes-base.code","nodeName":"Filter Registered + Normalize","nodeId":"a722bc1d-3ac0-43e6-b0d3-9c4276bcaf49"}}
{"__type":"$$EventMessageConfirm","confirm":"6c2a69ff-b99b-457f-82cc-cde6cb86b3c2","ts":"2025-12-20T13:55:12.095-05:00","source":{"id":"0","name":"eventBus"}}
{"__type":"$$EventMessageWorkflow","id":"9d1a5644-678d-4313-bcf6-472ad2843230","ts":"2025-12-20T13:55:12.096-05:00","eventName":"n8n.workflow.success","message":"n8n.workflow.success","payload":{"executionId":"1551","success":true,"isManual":false,"workflowId":"SMAl1p1EQNLw6TnR","workflowName":"Launcher State Refresh (Registered Only)"}}
{"__type":"$$EventMessageConfirm","confirm":"9d1a5644-678d-4313-bcf6-472ad2843230","ts":"2025-12-20T13:55:12.096-05:00","source":{"id":"0","name":"eventBus"}}
{"__type":"$$EventMessageWorkflow","id":"18a16034-e652-415b-9ba1-f7fe4a829256","ts":"2025-12-20T13:55:25.023-05:00","eventName":"n8n.workflow.started","message":"n8n.workflow.started","payload":{"executionId":"1552","workflowId":"MKIaxdQq8tC1VtM6","isManual":false,"workflowName":"LE Launcher Groups Sync (Registered Only, No Meta)"}}
{"__type":"$$EventMessageConfirm","confirm":"18a16034-e652-415b-9ba1-f7fe4a829256","ts":"2025-12-20T13:55:25.023-05:00","source":{"id":"0","name":"eventBus"}}
{"__type":"$$EventMessageNode","id":"f06a9208-a783-4dd2-8f1d-07b35b9c3477","ts":"2025-12-20T13:55:25.023-05:00","eventName":"n8n.node.started","message":"n8n.node.started","payload":{"workflowId":"MKIaxdQq8tC1VtM6","workflowName":"LE Launcher Groups Sync (Registered Only, No Meta)","executionId":"1552","nodeType":"n8n-nodes-base.scheduleTrigger","nodeName":"Schedule Trigger","nodeId":"1c06e186-310c-4884-9f8c-19c9df0ce3e2"}}
{"__type":"$$EventMessageConfirm","confirm":"f06a9208-a783-4dd2-8f1d-07b35b9c3477","ts":"2025-12-20T13:55:25.023-05:00","source":{"id":"0","name":"eventBus"}}
{"__type":"$$EventMessageNode","id":"d3b1b918-2719-4644-8a7d-18bb1f92d62e","ts":"2025-12-20T13:55:25.024-05:00","eventName":"n8n.node.finished","message":"n8n.node.finished","payload":{"workflowId":"MKIaxdQq8tC1VtM6","workflowName":"LE Launcher Groups Sync (Registered Only, No Meta)","executionId":"1552","nodeType":"n8n-nodes-base.scheduleTrigger","nodeName":"Schedule Trigger","nodeId":"1c06e186-310c-4884-9f8c-19c9df0ce3e2"}}
{"__type":"$$EventMessageConfirm","confirm":"d3b1b918-2719-4644-8a7d-18bb1f92d62e","ts":"2025-12-20T13:55:25.024-05:00","source":{"id":"0","name":"eventBus"}}
{"__type":"$$EventMessageNode","id":"c926ae77-5787-49af-9a8e-22bd4e76e9be","ts":"2025-12-20T13:55:25.024-05:00","eventName":"n8n.node.started","message":"n8n.node.started","payload":{"workflowId":"MKIaxdQq8tC1VtM6","workflowName":"LE Launcher Groups Sync (Registered Only, No Meta)","executionId":"1552","nodeType":"n8n-nodes-base.postgres","nodeName":"Get Registered Launchers","nodeId":"bfeea8f4-a0a2-4524-9d2e-f40d63752e5c"}}
{"__type":"$$EventMessageConfirm","confirm":"c926ae77-5787-49af-9a8e-22bd4e76e9be","ts":"2025-12-20T13:55:25.024-05:00","source":{"id":"0","name":"eventBus"}}
{"__type":"$$EventMessageNode","id":"26142769-f4d8-4804-8608-4ffc208f759d","ts":"2025-12-20T13:55:25.033-05:00","eventName":"n8n.node.finished","message":"n8n.node.finished","payload":{"workflowId":"MKIaxdQq8tC1VtM6","workflowName":"LE Launcher Groups Sync (Registered Only, No Meta)","executionId":"1552","nodeType":"n8n-nodes-base.postgres","nodeName":"Get Registered Launchers","nodeId":"bfeea8f4-a0a2-4524-9d2e-f40d63752e5c"}}
{"__type":"$$EventMessageConfirm","confirm":"26142769-f4d8-4804-8608-4ffc208f759d","ts":"2025-12-20T13:55:25.033-05:00","source":{"id":"0","name":"eventBus"}}
{"__type":"$$EventMessageWorkflow","id":"008fb95d-4286-4133-8ea3-7997f4a4f1a3","ts":"2025-12-20T13:55:25.033-05:00","eventName":"n8n.workflow.success","message":"n8n.workflow.success","payload":{"executionId":"1552","success":true,"isManual":false,"workflowId":"MKIaxdQq8tC1VtM6","workflowName":"LE Launcher Groups Sync (Registered Only, No Meta)"}}
{"__type":"$$EventMessageConfirm","confirm":"008fb95d-4286-4133-8ea3-7997f4a4f1a3","ts":"2025-12-20T13:55:25.034-05:00","source":{"id":"0","name":"eventBus"}}
{"__type":"$$EventMessageWorkflow","id":"3aff8769-d67a-447e-8bb2-d7cb9c3bf74b","ts":"2025-12-20T13:56:12.021-05:00","eventName":"n8n.workflow.started","message":"n8n.workflow.started","payload":{"executionId":"1553","workflowId":"SMAl1p1EQNLw6TnR","isManual":false,"workflowName":"Launcher State Refresh (Registered Only)"}}
{"__type":"$$EventMessageConfirm","confirm":"3aff8769-d67a-447e-8bb2-d7cb9c3bf74b","ts":"2025-12-20T13:56:12.021-05:00","source":{"id":"0","name":"eventBus"}}
{"__type":"$$EventMessageNode","id":"f4af91e0-3734-48af-bcc2-c9e2c6467620","ts":"2025-12-20T13:56:12.021-05:00","eventName":"n8n.node.started","message":"n8n.node.started","payload":{"workflowId":"SMAl1p1EQNLw6TnR","workflowName":"Launcher State Refresh (Registered Only)","executionId":"1553","nodeType":"n8n-nodes-base.scheduleTrigger","nodeName":"Schedule Trigger","nodeId":"d8f85f28-6c59-442e-b767-743144e1cfec"}}
{"__type":"$$EventMessageConfirm","confirm":"f4af91e0-3734-48af-bcc2-c9e2c6467620","ts":"2025-12-20T13:56:12.021-05:00","source":{"id":"0","name":"eventBus"}}
{"__type":"$$EventMessageNode","id":"e1e8c54c-4e04-4f9b-8b33-7abf542c0d69","ts":"2025-12-20T13:56:12.022-05:00","eventName":"n8n.node.finished","message":"n8n.node.finished","payload":{"workflowId":"SMAl1p1EQNLw6TnR","workflowName":"Launcher State Refresh (Registered Only)","executionId":"1553","nodeType":"n8n-nodes-base.scheduleTrigger","nodeName":"Schedule Trigger","nodeId":"d8f85f28-6c59-442e-b767-743144e1cfec"}}
{"__type":"$$EventMessageConfirm","confirm":"e1e8c54c-4e04-4f9b-8b33-7abf542c0d69","ts":"2025-12-20T13:56:12.022-05:00","source":{"id":"0","name":"eventBus"}}
{"__type":"$$EventMessageNode","id":"335bf250-0cce-46a6-b7d4-de49f381d708","ts":"2025-12-20T13:56:12.022-05:00","eventName":"n8n.node.started","message":"n8n.node.started","payload":{"workflowId":"SMAl1p1EQNLw6TnR","workflowName":"Launcher State Refresh (Registered Only)","executionId":"1553","nodeType":"n8n-nodes-base.httpRequest","nodeName":"Fetch LE Launchers","nodeId":"cb882824-307d-4056-b1cd-7c8beaa14c74"}}
{"__type":"$$EventMessageConfirm","confirm":"335bf250-0cce-46a6-b7d4-de49f381d708","ts":"2025-12-20T13:56:12.022-05:00","source":{"id":"0","name":"eventBus"}}
{"__type":"$$EventMessageNode","id":"ff887d68-167e-4a0b-bced-a1bcfc198be0","ts":"2025-12-20T13:56:12.054-05:00","eventName":"n8n.node.finished","message":"n8n.node.finished","payload":{"workflowId":"SMAl1p1EQNLw6TnR","workflowName":"Launcher State Refresh (Registered Only)","executionId":"1553","nodeType":"n8n-nodes-base.httpRequest","nodeName":"Fetch LE Launchers","nodeId":"cb882824-307d-4056-b1cd-7c8beaa14c74"}}
{"__type":"$$EventMessageConfirm","confirm":"ff887d68-167e-4a0b-bced-a1bcfc198be0","ts":"2025-12-20T13:56:12.054-05:00","source":{"id":"0","name":"eventBus"}}
{"__type":"$$EventMessageNode","id":"62009f54-e239-4deb-b53b-8440290a62b3","ts":"2025-12-20T13:56:12.054-05:00","eventName":"n8n.node.started","message":"n8n.node.started","payload":{"workflowId":"SMAl1p1EQNLw6TnR","workflowName":"Launcher State Refresh (Registered Only)","executionId":"1553","nodeType":"n8n-nodes-base.postgres","nodeName":"Get Registered Launchers","nodeId":"470acadc-89d0-4d85-8eb7-771bf29c41ce"}}
{"__type":"$$EventMessageConfirm","confirm":"62009f54-e239-4deb-b53b-8440290a62b3","ts":"2025-12-20T13:56:12.054-05:00","source":{"id":"0","name":"eventBus"}}
{"__type":"$$EventMessageNode","id":"13428f7c-184a-4384-843b-9e4daaa493ee","ts":"2025-12-20T13:56:12.075-05:00","eventName":"n8n.node.finished","message":"n8n.node.finished","payload":{"workflowId":"SMAl1p1EQNLw6TnR","workflowName":"Launcher State Refresh (Registered Only)","executionId":"1553","nodeType":"n8n-nodes-base.postgres","nodeName":"Get Registered Launchers","nodeId":"470acadc-89d0-4d85-8eb7-771bf29c41ce"}}
{"__type":"$$EventMessageConfirm","confirm":"13428f7c-184a-4384-843b-9e4daaa493ee","ts":"2025-12-20T13:56:12.075-05:00","source":{"id":"0","name":"eventBus"}}
{"__type":"$$EventMessageNode","id":"23f64bef-2d73-4204-9e1e-815040128b0d","ts":"2025-12-20T13:56:12.075-05:00","eventName":"n8n.node.started","message":"n8n.node.started","payload":{"workflowId":"SMAl1p1EQNLw6TnR","workflowName":"Launcher State Refresh (Registered Only)","executionId":"1553","nodeType":"n8n-nodes-base.code","nodeName":"Filter Registered + Normalize","nodeId":"a722bc1d-3ac0-43e6-b0d3-9c4276bcaf49"}}
{"__type":"$$EventMessageConfirm","confirm":"23f64bef-2d73-4204-9e1e-815040128b0d","ts":"2025-12-20T13:56:12.075-05:00","source":{"id":"0","name":"eventBus"}}
{"__type":"$$EventMessageRunner","id":"c23c89e2-ed34-49b7-889e-68f45cd8fa88","ts":"2025-12-20T13:56:12.076-05:00","eventName":"n8n.runner.task.requested","message":"n8n.runner.task.requested","payload":{"taskId":"jNmjZB-y","nodeId":"a722bc1d-3ac0-43e6-b0d3-9c4276bcaf49","workflowId":"SMAl1p1EQNLw6TnR","executionId":"1553"}}
{"__type":"$$EventMessageConfirm","confirm":"c23c89e2-ed34-49b7-889e-68f45cd8fa88","ts":"2025-12-20T13:56:12.076-05:00","source":{"id":"0","name":"eventBus"}}
{"__type":"$$EventMessageRunner","id":"ba291330-c98a-4cde-ad7a-f553ed21d609","ts":"2025-12-20T13:56:12.081-05:00","eventName":"n8n.runner.response.received","message":"n8n.runner.response.received","payload":{"taskId":"jNmjZB-y","nodeId":"a722bc1d-3ac0-43e6-b0d3-9c4276bcaf49","workflowId":"SMAl1p1EQNLw6TnR","executionId":"1553"}}
{"__type":"$$EventMessageConfirm","confirm":"ba291330-c98a-4cde-ad7a-f553ed21d609","ts":"2025-12-20T13:56:12.081-05:00","source":{"id":"0","name":"eventBus"}}
{"__type":"$$EventMessageNode","id":"64292505-0a55-4c85-84ff-2861d24cdd6a","ts":"2025-12-20T13:56:12.081-05:00","eventName":"n8n.node.finished","message":"n8n.node.finished","payload":{"workflowId":"SMAl1p1EQNLw6TnR","workflowName":"Launcher State Refresh (Registered Only)","executionId":"1553","nodeType":"n8n-nodes-base.code","nodeName":"Filter Registered + Normalize","nodeId":"a722bc1d-3ac0-43e6-b0d3-9c4276bcaf49"}}
{"__type":"$$EventMessageConfirm","confirm":"64292505-0a55-4c85-84ff-2861d24cdd6a","ts":"2025-12-20T13:56:12.081-05:00","source":{"id":"0","name":"eventBus"}}
{"__type":"$$EventMessageWorkflow","id":"45ce7b27-b4e3-4b32-b753-7278ba2487f7","ts":"2025-12-20T13:56:12.081-05:00","eventName":"n8n.workflow.success","message":"n8n.workflow.success","payload":{"executionId":"1553","success":true,"isManual":false,"workflowId":"SMAl1p1EQNLw6TnR","workflowName":"Launcher State Refresh (Registered Only)"}}
{"__type":"$$EventMessageConfirm","confirm":"45ce7b27-b4e3-4b32-b753-7278ba2487f7","ts":"2025-12-20T13:56:12.081-05:00","source":{"id":"0","name":"eventBus"}}
